2023-11-14 17:00:27,292 - extract - INFO - Successfull get request to url: https://api.tidesandcurrents.noaa.gov/api/prod/datagetter?date=today&station=1617760&product=water_level&datum=STND&time_zone=gmt&units=english&format=json
2023-11-14 17:03:19,094 - extract - INFO - Successfull get request to url: https://api.tidesandcurrents.noaa.gov/api/prod/datagetter?date=today&station=1617760&product=water_level&datum=STND&time_zone=gmt&units=english&format=json
2023-11-14 17:06:58,991 - extract - INFO - Successfull get request to url: https://api.tidesandcurrents.noaa.gov/api/prod/datagetter?date=today&station=1617760&product=water_level&datum=STND&time_zone=gmt&units=english&format=json
2023-11-14 17:29:00,338 - extract - INFO - Successfull get request to url: https://api.tidesandcurrents.noaa.gov/api/prod/datagetter?date=today&station=1617760&product=water_level&datum=STND&time_zone=gmt&units=english&format=json
2023-11-14 17:29:00,338 - extract - CRITICAL - An unexpected error occurred: 'Response' object has no attribute 'read'
2023-11-14 17:31:09,751 - extract - INFO - Successfull get request to url: https://api.tidesandcurrents.noaa.gov/api/prod/datagetter?date=today&station=1617760&product=water_level&datum=STND&time_zone=gmt&units=english&format=json
2023-11-14 22:32:18,857 - extract - INFO - Successfull get request to url: https://api.tidesandcurrents.noaa.gov/api/prod/datagetter?date=today&station=1617760&product=water_level&datum=STND&time_zone=gmt&units=english&format=json
2023-11-14 22:41:38,460 - extract - INFO - Successfull get request to url: https://api.tidesandcurrents.noaa.gov/api/prod/datagetter?date=today&station=1617760&product=water_level&datum=STND&time_zone=gmt&units=english&format=json
2023-11-14 22:41:38,536 - extract - CRITICAL - An unexpected error occurred: 1046 (3D000): No database selected
2023-11-14 22:43:23,544 - extract - INFO - Successfull get request to url: https://api.tidesandcurrents.noaa.gov/api/prod/datagetter?date=today&station=1617760&product=water_level&datum=STND&time_zone=gmt&units=english&format=json
2023-11-14 22:43:23,658 - extract - CRITICAL - An unexpected error occurred: 1046 (3D000): No database selected
2023-11-14 22:44:30,075 - extract - INFO - Successfull get request to url: https://api.tidesandcurrents.noaa.gov/api/prod/datagetter?date=today&station=1617760&product=water_level&datum=STND&time_zone=gmt&units=english&format=json
2023-11-14 22:44:30,204 - extract - CRITICAL - An unexpected error occurred: 1046 (3D000): No database selected
2023-11-14 22:48:02,150 - extract - INFO - Successfull get request to url: https://api.tidesandcurrents.noaa.gov/api/prod/datagetter?date=today&station=1617760&product=water_level&datum=STND&time_zone=gmt&units=english&format=json
2023-11-15 18:03:13,560 - extract - ERROR - HTTP error occured: 400 Client Error: Bad Request for url: https://api.tidesandcurrents.noaa.gov/api/prod/datagetter?latest&station=1617760&product=water_level&datum=STND&time_zone=gmt&units=english&json
2023-11-15 18:03:13,561 - extract - CRITICAL - An unexpected error occurred: 'NoneType' object is not subscriptable
                                                                                                        https://api.tidesandcurrents.noaa.gov/api/prod/datagetter?date=latest&station=1617760&product=water_level&datum=STND&time_zone=gmt&units=english&format=json
2023-11-15 18:06:36,136 - extract - ERROR - HTTP error occured: 400 Client Error: Bad Request for url: https://api.tidesandcurrents.noaa.gov/api/prod/datagetter?latest&station=1617760&product=water_level&datum=STND&time_zone=gmt&units=english&json
2023-11-15 18:06:36,137 - extract - CRITICAL - An unexpected error occurred: 'NoneType' object is not subscriptable
2023-11-15 18:09:29,196 - extract - INFO - Successfull get request to url: https://api.tidesandcurrents.noaa.gov/api/prod/datagetter?date=latest&station=1617760&product=water_level&datum=STND&time_zone=gmt&units=english&format=json
2023-11-15 18:09:29,196 - extract - CRITICAL - An unexpected error occurred: 'Response' object is not subscriptable
2023-11-15 18:13:29,028 - extract - INFO - Successfull get request to url: https://api.tidesandcurrents.noaa.gov/api/prod/datagetter?date=latest&station=1617760&product=water_level&datum=STND&time_zone=gmt&units=english&format=json
2023-11-15 18:13:29,028 - extract - CRITICAL - An unexpected error occurred: 'Response' object is not subscriptable
2023-11-15 22:13:51,534 - extract - INFO - Successfull get request to url: https://api.tidesandcurrents.noaa.gov/api/prod/datagetter?date=latest&station=1617760&product=water_level&datum=STND&time_zone=gmt&units=english&format=json
2023-11-15 22:13:51,555 - extract - CRITICAL - An unexpected error occurred: 'Response' object is not subscriptable
2023-11-15 22:16:17,540 - extract - INFO - Successfull get request to url: https://api.tidesandcurrents.noaa.gov/api/prod/datagetter?date=latest&station=1617760&product=water_level&datum=STND&time_zone=gmt&units=english&format=json
2023-11-15 22:16:18,233 - extract - INFO - Successfull get request to url: https://api.tidesandcurrents.noaa.gov/api/prod/datagetter?date=latest&station=1612340&product=water_level&datum=STND&time_zone=gmt&units=english&format=csv
2023-11-15 22:16:18,233 - extract - ERROR - Request failed: Extra data: line 1 column 5 (char 4)
2023-11-15 22:16:18,235 - extract - CRITICAL - An unexpected error occurred: 'NoneType' object is not subscriptable
2023-11-15 22:18:54,060 - extract - INFO - Successfull get request to url: https://api.tidesandcurrents.noaa.gov/api/prod/datagetter?date=latest&station=1617760&product=water_level&datum=STND&time_zone=gmt&units=english&format=json
2023-11-15 22:18:54,708 - extract - INFO - Successfull get request to url: https://api.tidesandcurrents.noaa.gov/api/prod/datagetter?date=latest&station=1612340&product=water_level&datum=STND&time_zone=gmt&units=english&format=csv
2023-11-15 22:18:54,708 - extract - ERROR - Request failed: Extra data: line 1 column 5 (char 4)
2023-11-15 22:18:54,709 - extract - CRITICAL - An unexpected error occurred: 'NoneType' object is not subscriptable
2023-11-15 22:21:41,831 - extract - INFO - Successfull get request to url: https://api.tidesandcurrents.noaa.gov/api/prod/datagetter?date=latest&station=1617760&product=water_level&datum=STND&time_zone=gmt&units=english&format=json
2023-11-15 22:21:41,832 - extract - CRITICAL - An unexpected error occurred: transform_into_dct() missing 1 required positional argument: 'data_format'
2023-11-15 22:23:49,895 - extract - INFO - Successfull get request to url: https://api.tidesandcurrents.noaa.gov/api/prod/datagetter?date=latest&station=1617760&product=water_level&datum=STND&time_zone=gmt&units=english&format=json
2023-11-15 22:23:50,591 - extract - INFO - Successfull get request to url: https://api.tidesandcurrents.noaa.gov/api/prod/datagetter?date=latest&station=1612340&product=water_level&datum=STND&time_zone=gmt&units=english&format=csv
2023-11-15 22:23:50,591 - extract - ERROR - Request failed: Extra data: line 1 column 5 (char 4)
2023-11-15 22:23:50,593 - extract - CRITICAL - An unexpected error occurred: 
2023-11-15 22:26:29,797 - extract - INFO - Successfull get request to url: https://api.tidesandcurrents.noaa.gov/api/prod/datagetter?date=latest&station=1617760&product=water_level&datum=STND&time_zone=gmt&units=english&format=json
2023-11-15 22:28:10,326 - extract - INFO - Successfull get request to url: https://api.tidesandcurrents.noaa.gov/api/prod/datagetter?date=latest&station=1617760&product=water_level&datum=STND&time_zone=gmt&units=english&format=json
2023-11-15 22:28:10,328 - extract - CRITICAL - An unexpected error occurred: 'dict' object has no attribute 'read'
2023-11-15 22:29:44,484 - extract - INFO - Successfull get request to url: https://api.tidesandcurrents.noaa.gov/api/prod/datagetter?date=latest&station=1617760&product=water_level&datum=STND&time_zone=gmt&units=english&format=json
2023-11-15 22:29:44,484 - extract - CRITICAL - An unexpected error occurred: 'Response' object has no attribute 'read'
2023-11-15 22:33:04,613 - extract - INFO - Successfull get request to url: https://api.tidesandcurrents.noaa.gov/api/prod/datagetter?date=latest&station=1617760&product=water_level&datum=STND&time_zone=gmt&units=english&format=json
2023-11-15 22:34:10,081 - extract - INFO - Successfull get request to url: https://api.tidesandcurrents.noaa.gov/api/prod/datagetter?date=latest&station=1617760&product=water_level&datum=STND&time_zone=gmt&units=english&format=json
2023-11-15 22:34:11,248 - extract - INFO - Successfull get request to url: https://api.tidesandcurrents.noaa.gov/api/prod/datagetter?date=latest&station=1612340&product=water_level&datum=STND&time_zone=gmt&units=english&format=csv
2023-11-15 22:34:11,248 - extract - ERROR - Request failed: Extra data: line 1 column 5 (char 4)
2023-11-15 22:34:11,249 - extract - CRITICAL - An unexpected error occurred: 
2023-11-15 22:36:05,857 - extract - INFO - Successfull get request to url: https://api.tidesandcurrents.noaa.gov/api/prod/datagetter?date=latest&station=1617760&product=water_level&datum=STND&time_zone=gmt&units=english&format=json
2023-11-15 22:36:06,994 - extract - INFO - Successfull get request to url: https://api.tidesandcurrents.noaa.gov/api/prod/datagetter?date=latest&station=1612340&product=water_level&datum=STND&time_zone=gmt&units=english&format=csv
2023-11-15 22:36:06,995 - extract - ERROR - Request failed: Extra data: line 1 column 5 (char 4)
2023-11-15 22:36:06,996 - extract - CRITICAL - An unexpected error occurred: 
2023-11-15 22:38:53,547 - extract - INFO - Successfull get request to url: https://api.tidesandcurrents.noaa.gov/api/prod/datagetter?date=latest&station=1617760&product=water_level&datum=STND&time_zone=gmt&units=english&format=json
2023-11-15 22:38:54,898 - extract - INFO - Successfull get request to url: https://api.tidesandcurrents.noaa.gov/api/prod/datagetter?date=latest&station=1612340&product=water_level&datum=STND&time_zone=gmt&units=english&format=xml
2023-11-15 22:38:54,898 - extract - ERROR - Request failed: Expecting value: line 1 column 1 (char 0)
2023-11-15 22:38:54,900 - extract - CRITICAL - An unexpected error occurred: 'NoneType' object is not subscriptable
2023-11-15 22:47:20,177 - extract - CRITICAL - An unexpected error occurred: make_get_request() takes 3 positional arguments but 4 were given
2023-11-15 22:47:46,191 - extract - INFO - Successfull get request to url: https://api.tidesandcurrents.noaa.gov/api/prod/datagetter?date=latest&station=1617760&product=water_level&datum=STND&time_zone=gmt&units=english&format=json
2023-11-15 22:47:46,192 - extract - CRITICAL - An unexpected error occurred: transform_into_dct() missing 1 required positional argument: 'data_format'
2023-11-15 22:48:42,246 - extract - INFO - Successfull get request to url: https://api.tidesandcurrents.noaa.gov/api/prod/datagetter?date=latest&station=1617760&product=water_level&datum=STND&time_zone=gmt&units=english&format=json
2023-11-15 22:48:43,194 - extract - INFO - Successfull get request to url: https://api.tidesandcurrents.noaa.gov/api/prod/datagetter?date=latest&station=1612340&product=water_level&datum=STND&time_zone=gmt&units=english&format=csv
2023-11-15 22:48:43,196 - extract - CRITICAL - An unexpected error occurred: 
2023-11-15 22:49:39,638 - extract - INFO - Successfull get request to url: https://api.tidesandcurrents.noaa.gov/api/prod/datagetter?date=latest&station=1617760&product=water_level&datum=STND&time_zone=gmt&units=english&format=json
2023-11-15 22:49:40,689 - extract - INFO - Successfull get request to url: https://api.tidesandcurrents.noaa.gov/api/prod/datagetter?date=latest&station=1612340&product=water_level&datum=STND&time_zone=gmt&units=english&format=csv
2023-11-15 22:49:40,691 - extract - CRITICAL - An unexpected error occurred: 
2023-11-15 22:54:32,698 - extract - INFO - Successfull get request to url: https://api.tidesandcurrents.noaa.gov/api/prod/datagetter?date=latest&station=1617760&product=water_level&datum=STND&time_zone=gmt&units=english&format=json
2023-11-15 22:54:33,856 - extract - INFO - Successfull get request to url: https://api.tidesandcurrents.noaa.gov/api/prod/datagetter?date=latest&station=1612340&product=water_level&datum=STND&time_zone=gmt&units=english&format=csv
2023-11-15 22:54:33,857 - extract - CRITICAL -  An unexpected error occurred:
2023-11-15 23:01:33,634 - extract - INFO - Successfull get request to url: https://api.tidesandcurrents.noaa.gov/api/prod/datagetter?date=latest&station=1617760&product=water_level&datum=STND&time_zone=gmt&units=english&format=json
2023-11-15 23:01:34,498 - extract - INFO - Successfull get request to url: https://api.tidesandcurrents.noaa.gov/api/prod/datagetter?date=latest&station=1612340&product=water_level&datum=STND&time_zone=gmt&units=english&format=csv
2023-11-15 23:01:34,500 - extract - CRITICAL - An unexpected error occurred: __enter__
2023-11-15 23:02:05,642 - extract - INFO - Successfull get request to url: https://api.tidesandcurrents.noaa.gov/api/prod/datagetter?date=latest&station=1617760&product=water_level&datum=STND&time_zone=gmt&units=english&format=json
2023-11-15 23:02:06,401 - extract - INFO - Successfull get request to url: https://api.tidesandcurrents.noaa.gov/api/prod/datagetter?date=latest&station=1612340&product=water_level&datum=STND&time_zone=gmt&units=english&format=csv
2023-11-15 23:02:06,403 - extract - CRITICAL - An unexpected error occurred: __enter__
2023-11-15 23:03:06,016 - extract - INFO - Successfull get request to url: https://api.tidesandcurrents.noaa.gov/api/prod/datagetter?date=latest&station=1617760&product=water_level&datum=STND&time_zone=gmt&units=english&format=json
2023-11-15 23:03:06,715 - extract - INFO - Successfull get request to url: https://api.tidesandcurrents.noaa.gov/api/prod/datagetter?date=latest&station=1612340&product=water_level&datum=STND&time_zone=gmt&units=english&format=csv
2023-11-15 23:03:06,716 - extract - CRITICAL - An unexpected error occurred: __enter__
2023-11-15 23:08:03,855 - extract - CRITICAL - An unexpected error occurred: local variable 'content_type' referenced before assignment
2023-11-15 23:08:34,637 - extract - CRITICAL - An unexpected error occurred: local variable 'res' referenced before assignment
2023-11-15 23:09:26,176 - extract - CRITICAL - An unexpected error occurred: 'NoneType' object is not subscriptable
2023-11-15 23:15:17,890 - extract - INFO - Successfull get request to url: https://api.tidesandcurrents.noaa.gov/api/prod/datagetter?date=latest&station=1617760&product=water_level&datum=STND&time_zone=gmt&units=english&format=json
2023-11-15 23:15:18,084 - extract - CRITICAL - An unexpected error occurred: __enter__
2023-11-15 23:15:55,660 - extract - INFO - Successfull get request to url: https://api.tidesandcurrents.noaa.gov/api/prod/datagetter?date=latest&station=1617760&product=water_level&datum=STND&time_zone=gmt&units=english&format=json
2023-11-15 23:15:56,895 - extract - CRITICAL - An unexpected error occurred: __enter__
2023-11-15 23:18:37,615 - extract - INFO - Successfull get request to url: https://api.tidesandcurrents.noaa.gov/api/prod/datagetter?date=latest&station=1617760&product=water_level&datum=STND&time_zone=gmt&units=english&format=json
2023-11-15 23:18:38,397 - extract - CRITICAL - An unexpected error occurred: __enter__
2023-11-16 13:36:02,661 - extract - CRITICAL - An unexpected error occurred: name 'DATA_FORMAT' is not defined
2023-11-16 13:36:54,427 - extract - CRITICAL - An unexpected error occurred: iterator should return strings, not bytes (the file should be opened in text mode)
2023-11-16 13:40:20,193 - extract - CRITICAL - An unexpected error occurred: expected str, bytes or os.PathLike object, not reader
2023-11-16 13:42:12,846 - extract - CRITICAL - An unexpected error occurred: __enter__
2023-11-16 13:49:04,573 - extract - CRITICAL - An unexpected error occurred: __enter__
2023-11-16 13:54:53,906 - extract - CRITICAL - An unexpected error occurred: transform_water_level() missing 1 required positional argument: 'station_id'
2023-11-16 13:55:45,210 - extract - CRITICAL - An unexpected error occurred: list indices must be integers or slices, not str
2023-11-16 13:57:36,357 - extract - CRITICAL - An unexpected error occurred: list indices must be integers or slices, not str
2023-11-16 14:27:24,414 - extract - INFO - Successfull get request to url: https://api.tidesandcurrents.noaa.gov/api/prod/datagetter?date=latest&station=1617760&product=water_level&datum=STND&time_zone=gmt&units=english&format=csv
2023-11-16 14:27:24,414 - extract - ERROR - Request failed: Extra data: line 1 column 5 (char 4)
2023-11-16 14:27:24,415 - extract - CRITICAL - An unexpected error occurred: 'NoneType' object has no attribute 'read'
2023-11-16 14:32:56,839 - extract - INFO - Successfull get request to url: https://api.tidesandcurrents.noaa.gov/mdapi/prod/webapi/stations/1617760.json?expand=details,products&units=english
2023-11-16 14:32:56,841 - extract - CRITICAL - An unexpected error occurred: 'dict' object has no attribute 'read'
2023-11-16 14:33:58,382 - extract - INFO - Successfull get request to url: https://api.tidesandcurrents.noaa.gov/mdapi/prod/webapi/stations/1617760.json?expand=details,products&units=english
2023-11-16 14:33:58,384 - extract - CRITICAL - An unexpected error occurred: 'dict' object has no attribute 'read'
2023-11-16 14:34:57,004 - extract - INFO - Successfull get request to url: https://api.tidesandcurrents.noaa.gov/mdapi/prod/webapi/stations/1617760.json?expand=details,products&units=english
2023-11-16 14:34:57,005 - extract - CRITICAL - An unexpected error occurred: 'id'
2023-11-16 14:36:27,599 - extract - INFO - Successfull get request to url: https://api.tidesandcurrents.noaa.gov/mdapi/prod/webapi/stations/1617760.json?expand=details,products&units=english
2023-11-16 14:36:27,601 - extract - CRITICAL - An unexpected error occurred: 'id'
2023-11-16 14:38:44,301 - extract - INFO - Successfull get request to url: https://api.tidesandcurrents.noaa.gov/mdapi/prod/webapi/stations/1617760.json?expand=details,products&units=english
2023-11-16 14:38:44,303 - extract - CRITICAL - An unexpected error occurred: 'dict' object has no attribute 'read'
2023-11-16 14:41:49,531 - extract - INFO - Successfull get request to url: https://api.tidesandcurrents.noaa.gov/mdapi/prod/webapi/stations/1617760.json?expand=details,products&units=english
2023-11-16 14:41:49,533 - extract - CRITICAL - An unexpected error occurred: list indices must be integers or slices, not str
2023-11-16 14:42:16,972 - extract - INFO - Successfull get request to url: https://api.tidesandcurrents.noaa.gov/mdapi/prod/webapi/stations/1617760.json?expand=details,products&units=english
2023-11-16 14:42:16,973 - extract - CRITICAL - An unexpected error occurred: 'id'
2023-11-16 14:45:16,282 - extract - INFO - Successfull get request to url: https://api.tidesandcurrents.noaa.gov/mdapi/prod/webapi/stations/1617760.json?expand=details,products&units=english
2023-11-16 14:45:16,284 - extract - CRITICAL - An unexpected error occurred: 'lon'
2023-11-16 14:46:16,421 - extract - INFO - Successfull get request to url: https://api.tidesandcurrents.noaa.gov/mdapi/prod/webapi/stations/1617760.json?expand=details,products&units=english
2023-11-16 14:46:16,424 - extract - CRITICAL - An unexpected error occurred: 'lon'
2023-11-16 14:51:35,748 - extract - INFO - Successfull get request to url: https://api.tidesandcurrents.noaa.gov/mdapi/prod/webapi/stations/1617760.json?expand=details,products&units=english
2023-11-16 14:51:35,750 - extract - CRITICAL - An unexpected error occurred: 'lon'
2023-11-16 14:53:32,419 - extract - INFO - Successfull get request to url: https://api.tidesandcurrents.noaa.gov/mdapi/prod/webapi/stations/1617760.json?expand=details,products&units=english
2023-11-16 14:53:32,421 - extract - CRITICAL - An unexpected error occurred: 'lon'
2023-11-16 14:59:22,042 - extract - INFO - Successfull get request to url: https://api.tidesandcurrents.noaa.gov/mdapi/prod/webapi/stations/1617760.json?expand=details,products&units=english
2023-11-16 14:59:22,650 - extract - CRITICAL - An unexpected error occurred: 'NoneType' object is not subscriptable
2023-11-16 15:00:29,958 - extract - INFO - Successfull get request to url: https://api.tidesandcurrents.noaa.gov/mdapi/prod/webapi/stations/1617760.json?expand=details,products&units=english
2023-11-16 15:00:30,528 - extract - CRITICAL - An unexpected error occurred: 'NoneType' object is not subscriptable
2023-11-16 15:01:56,498 - extract - INFO - Successfull get request to url: https://api.tidesandcurrents.noaa.gov/mdapi/prod/webapi/stations/1617760.json?expand=details,products&units=english
2023-11-16 15:01:56,500 - extract - CRITICAL - An unexpected error occurred: 'lon'
2023-11-16 15:03:31,229 - extract - INFO - Successfull get request to url: https://api.tidesandcurrents.noaa.gov/mdapi/prod/webapi/stations/1617760.json?expand=details,products&units=english
2023-11-16 15:03:31,231 - extract - CRITICAL - An unexpected error occurred: string indices must be integers
2023-11-16 15:06:12,151 - extract - INFO - Successfull get request to url: https://api.tidesandcurrents.noaa.gov/mdapi/prod/webapi/stations/1617760.json?expand=details,products&units=english
2023-11-16 15:06:12,153 - extract - CRITICAL - An unexpected error occurred: list indices must be integers or slices, not str
2023-11-16 15:08:08,610 - extract - INFO - Successfull get request to url: https://api.tidesandcurrents.noaa.gov/mdapi/prod/webapi/stations/1617760.json?expand=details,products&units=english
2023-11-16 15:08:08,612 - extract - CRITICAL - An unexpected error occurred: 0
2023-11-16 15:09:18,631 - extract - INFO - Successfull get request to url: https://api.tidesandcurrents.noaa.gov/mdapi/prod/webapi/stations/1617760.json?expand=details,products&units=english
2023-11-16 15:09:18,633 - extract - CRITICAL - An unexpected error occurred: 0
2023-11-16 15:10:21,543 - extract - INFO - Successfull get request to url: https://api.tidesandcurrents.noaa.gov/mdapi/prod/webapi/stations/1617760.json?expand=details,products&units=english
2023-11-16 15:10:21,545 - extract - CRITICAL - An unexpected error occurred: 0
2023-11-16 15:11:42,442 - extract - INFO - Successfull get request to url: https://api.tidesandcurrents.noaa.gov/mdapi/prod/webapi/stations/1617760.json?expand=details,products&units=english
2023-11-16 15:14:02,783 - extract - INFO - Successfull get request to url: https://api.tidesandcurrents.noaa.gov/mdapi/prod/webapi/stations/1617760.json?expand=details,products&units=english
2023-11-16 15:14:03,363 - extract - CRITICAL - An unexpected error occurred: Could not process parameters: str(1617760), it must be of type list, tuple or dict
2023-11-16 15:17:35,774 - extract - INFO - Successfull get request to url: https://api.tidesandcurrents.noaa.gov/mdapi/prod/webapi/stations/1617760.json?expand=details,products&units=english
2023-11-16 15:17:36,359 - extract - CRITICAL - An unexpected error occurred: name 'arr' is not defined
2023-11-16 15:18:17,833 - extract - INFO - Successfull get request to url: https://api.tidesandcurrents.noaa.gov/mdapi/prod/webapi/stations/1617760.json?expand=details,products&units=english
2023-11-16 15:18:18,606 - extract - CRITICAL - An unexpected error occurred: Not all parameters were used in the SQL statement
2023-11-16 15:20:13,611 - extract - INFO - Successfull get request to url: https://api.tidesandcurrents.noaa.gov/mdapi/prod/webapi/stations/1617760.json?expand=details,products&units=english
2023-11-16 15:28:03,348 - extract - INFO - Successfull get request to url: https://api.tidesandcurrents.noaa.gov/mdapi/prod/webapi/stations/1617760.json?expand=details,products&units=english
2023-11-16 15:28:03,349 - extract - CRITICAL - An unexpected error occurred: 'timezonecurr'
2023-11-16 15:28:54,041 - extract - INFO - Successfull get request to url: https://api.tidesandcurrents.noaa.gov/mdapi/prod/webapi/stations/1617760.json?expand=details,products&units=english
2023-11-16 22:01:19,412 - extract - INFO - Successfull get request to url: https://api.tidesandcurrents.noaa.gov/mdapi/prod/webapi/stations/1617760.json?expand=details,products&units=english
2023-11-16 22:01:20,064 - extract - INFO - Successfull get request to url: https://api.tidesandcurrents.noaa.gov/api/prod/datagetter?date=latest&station=1617760&product=water_level&datum=STND&time_zone=gmt&units=english&format=json
2023-11-16 22:01:20,066 - extract - CRITICAL - An unexpected error occurred: 'NoneType' object is not iterable
2023-11-16 22:12:13,372 - extract - INFO - Successfull get request to url: https://api.tidesandcurrents.noaa.gov/mdapi/prod/webapi/stations/1617760.json?expand=details,products&units=english
2023-11-16 22:12:14,069 - extract - INFO - Successfull get request to url: https://api.tidesandcurrents.noaa.gov/api/prod/datagetter?date=latest&station=1617760&product=water_level&datum=STND&time_zone=gmt&units=english&format=json
2023-11-16 22:12:14,070 - extract - CRITICAL - An unexpected error occurred: 'lon'
2023-11-16 22:12:55,295 - extract - INFO - Successfull get request to url: https://api.tidesandcurrents.noaa.gov/mdapi/prod/webapi/stations/1617760.json?expand=details,products&units=english
2023-11-16 22:12:55,955 - extract - INFO - Successfull get request to url: https://api.tidesandcurrents.noaa.gov/api/prod/datagetter?date=latest&station=1617760&product=water_level&datum=STND&time_zone=gmt&units=english&format=json
2023-11-16 22:12:55,957 - extract - CRITICAL - An unexpected error occurred: 'NoneType' object is not iterable
2023-11-16 22:13:32,145 - extract - INFO - Successfull get request to url: https://api.tidesandcurrents.noaa.gov/mdapi/prod/webapi/stations/1617760.json?expand=details,products&units=english
2023-11-16 22:13:32,803 - extract - INFO - Successfull get request to url: https://api.tidesandcurrents.noaa.gov/api/prod/datagetter?date=latest&station=1617760&product=water_level&datum=STND&time_zone=gmt&units=english&format=json
2023-11-16 22:16:10,305 - extract - INFO - Successfull get request to url: https://api.tidesandcurrents.noaa.gov/mdapi/prod/webapi/stations/1617760.json?expand=details,products&units=english
2023-11-16 22:16:11,007 - extract - INFO - Successfull get request to url: https://api.tidesandcurrents.noaa.gov/api/prod/datagetter?date=latest&station=1617760&product=water_level&datum=STND&time_zone=gmt&units=english&format=json
2023-11-16 22:31:41,634 - extract - INFO - Successfull get request to url: https://api.tidesandcurrents.noaa.gov/mdapi/prod/webapi/stations/1617760.json?expand=details,products&units=english
2023-11-16 22:31:42,208 - extract - CRITICAL - An unexpected error occurred: 'NoneType' object is not iterable
2023-11-16 22:33:29,823 - extract - INFO - Successfull get request to url: https://api.tidesandcurrents.noaa.gov/mdapi/prod/webapi/stations/1617760.json?expand=details,products&units=english
2023-11-16 22:33:30,497 - extract - CRITICAL - An unexpected error occurred: 'NoneType' object is not iterable
2023-11-16 22:34:57,795 - extract - INFO - Successfull get request to url: https://api.tidesandcurrents.noaa.gov/mdapi/prod/webapi/stations/1617760.json?expand=details,products&units=english
2023-11-16 22:34:58,467 - extract - CRITICAL - An unexpected error occurred: [Errno 2] No such file or directory: b'<?xml version="1.0" encoding="UTF-8" ?>\n<data>\n<metadata id="1617760"  name="Hilo, Hilo Bay, Kuhio Bay" lat="19.7303" lon="-155.0556"/>\n<observations>\n<wl t="2023-11-16 20:24"  v="5.581" s="0.194" f="1,0,0,0" q="p" />\n</observations>\n</data>\n\n\n\n\n\n\n\n\n\n\n\n'
2023-11-16 22:39:25,050 - extract - INFO - Successfull get request to url: https://api.tidesandcurrents.noaa.gov/mdapi/prod/webapi/stations/1617760.json?expand=details,products&units=english
2023-11-16 22:39:25,696 - extract - CRITICAL - An unexpected error occurred: initial_value must be str or None, not bytes
2023-11-16 22:40:10,541 - extract - INFO - Successfull get request to url: https://api.tidesandcurrents.noaa.gov/mdapi/prod/webapi/stations/1617760.json?expand=details,products&units=english
2023-11-16 22:40:11,194 - extract - CRITICAL - An unexpected error occurred: 'module' object is not callable
2023-11-16 22:41:37,086 - extract - INFO - Successfull get request to url: https://api.tidesandcurrents.noaa.gov/mdapi/prod/webapi/stations/1617760.json?expand=details,products&units=english
2023-11-16 22:41:37,790 - extract - CRITICAL - An unexpected error occurred: 'module' object is not callable
2023-11-16 22:43:26,319 - extract - INFO - Successfull get request to url: https://api.tidesandcurrents.noaa.gov/mdapi/prod/webapi/stations/1617760.json?expand=details,products&units=english
2023-11-16 22:43:27,001 - extract - CRITICAL - An unexpected error occurred: 'NoneType' object is not iterable
