2023-11-14 16:10:37,948 - load - INFO - Connection failed: 2003 (HY000): Can't connect to MySQL server on '192.168.0.106:3306' (113). Retrying (1/2)...
2023-11-14 16:10:41,020 - load - INFO - Connection failed: 2003 (HY000): Can't connect to MySQL server on '192.168.0.106:3306' (113). Retrying (2/2)...
2023-11-14 16:10:52,956 - load - INFO - Loaded data into database for station 1617760
2023-11-14 16:13:19,008 - load - INFO - Loaded data into database for station Hilo, Hilo Bay, Kuhio Bay identified by ID: 1617760
2023-11-14 16:19:44,341 - load - INFO - Loaded data into database for station Hilo, Hilo Bay, Kuhio Bay identified by ID: 1617760
2023-11-14 16:24:13,416 - load - INFO - Loaded data into database for station Hilo, Hilo Bay, Kuhio Bay identified by ID: 1617760
2023-11-14 17:28:57,180 - load - INFO - Connection failed: 2003 (HY000): Can't connect to MySQL server on '192.168.0.106:3306' (113). Retrying (1/2)...
2023-11-14 17:32:11,119 - load - INFO - Loaded data into database for station Hilo, Hilo Bay, Kuhio Bay identified by ID: 1617760
2023-11-14 22:32:07,665 - load - INFO - Connection failed: 2003 (HY000): Can't connect to MySQL server on '192.168.0.106:3306' (113). Retrying (1/2)...
2023-11-14 22:32:10,737 - load - INFO - Connection failed: 2003 (HY000): Can't connect to MySQL server on '192.168.0.106:3306' (113). Retrying (2/2)...
2023-11-14 22:32:17,809 - load - ERROR - Failed to connect, exiting without a connection: 2003 (HY000): Can't connect to MySQL server on '192.168.0.106:3306' (113)
2023-11-14 22:32:18,863 - load - INFO - Could not connect to the database
2023-11-14 22:32:18,864 - load - INFO - Could not connect to the database
2023-11-14 22:32:18,864 - load - INFO - Could not connect to the database
2023-11-14 22:32:18,864 - load - INFO - Could not connect to the database
2023-11-14 22:32:18,864 - load - INFO - Could not connect to the database
2023-11-14 22:32:18,864 - load - INFO - Could not connect to the database
2023-11-14 22:32:18,864 - load - INFO - Could not connect to the database
2023-11-14 22:32:18,864 - load - INFO - Could not connect to the database
2023-11-14 22:32:18,864 - load - INFO - Could not connect to the database
2023-11-14 22:32:18,864 - load - INFO - Could not connect to the database
2023-11-14 22:32:18,865 - load - INFO - Could not connect to the database
2023-11-14 22:32:18,865 - load - INFO - Could not connect to the database
2023-11-14 22:32:18,865 - load - INFO - Could not connect to the database
2023-11-14 22:32:18,865 - load - INFO - Could not connect to the database
2023-11-14 22:32:18,865 - load - INFO - Could not connect to the database
2023-11-14 22:32:18,865 - load - INFO - Could not connect to the database
2023-11-14 22:32:18,865 - load - INFO - Could not connect to the database
2023-11-14 22:32:18,865 - load - INFO - Could not connect to the database
2023-11-14 22:32:18,865 - load - INFO - Could not connect to the database
2023-11-14 22:32:18,865 - load - INFO - Could not connect to the database
2023-11-14 22:32:18,865 - load - INFO - Could not connect to the database
2023-11-14 22:32:18,865 - load - INFO - Could not connect to the database
2023-11-14 22:32:18,866 - load - INFO - Could not connect to the database
2023-11-14 22:32:18,866 - load - INFO - Could not connect to the database
2023-11-14 22:32:18,866 - load - INFO - Could not connect to the database
2023-11-14 22:32:18,866 - load - INFO - Could not connect to the database
2023-11-14 22:32:18,866 - load - INFO - Could not connect to the database
2023-11-14 22:32:18,866 - load - INFO - Could not connect to the database
2023-11-14 22:32:18,866 - load - INFO - Could not connect to the database
2023-11-14 22:32:18,866 - load - INFO - Could not connect to the database
2023-11-14 22:32:18,866 - load - INFO - Could not connect to the database
2023-11-14 22:32:18,866 - load - INFO - Could not connect to the database
2023-11-14 22:32:18,866 - load - INFO - Could not connect to the database
2023-11-14 22:32:18,866 - load - INFO - Could not connect to the database
2023-11-14 22:32:18,867 - load - INFO - Could not connect to the database
2023-11-14 22:32:18,867 - load - INFO - Could not connect to the database
2023-11-14 22:32:18,867 - load - INFO - Could not connect to the database
2023-11-14 22:32:18,867 - load - INFO - Could not connect to the database
2023-11-14 22:32:18,867 - load - INFO - Could not connect to the database
2023-11-14 22:32:18,867 - load - INFO - Could not connect to the database
2023-11-14 22:32:18,867 - load - INFO - Could not connect to the database
2023-11-14 22:32:18,867 - load - INFO - Could not connect to the database
2023-11-14 22:32:18,867 - load - INFO - Could not connect to the database
2023-11-14 22:32:18,867 - load - INFO - Could not connect to the database
2023-11-14 22:32:18,867 - load - INFO - Could not connect to the database
2023-11-14 22:32:18,868 - load - INFO - Could not connect to the database
2023-11-14 22:32:18,868 - load - INFO - Could not connect to the database
2023-11-14 22:32:18,868 - load - INFO - Could not connect to the database
2023-11-14 22:32:18,868 - load - INFO - Could not connect to the database
2023-11-14 22:32:18,868 - load - INFO - Could not connect to the database
2023-11-14 22:32:18,868 - load - INFO - Could not connect to the database
2023-11-14 22:32:18,868 - load - INFO - Could not connect to the database
2023-11-14 22:32:18,868 - load - INFO - Could not connect to the database
2023-11-14 22:32:18,868 - load - INFO - Could not connect to the database
2023-11-14 22:32:18,868 - load - INFO - Could not connect to the database
2023-11-14 22:32:18,868 - load - INFO - Could not connect to the database
2023-11-14 22:32:18,868 - load - INFO - Could not connect to the database
2023-11-14 22:32:18,869 - load - INFO - Could not connect to the database
2023-11-14 22:32:18,869 - load - INFO - Could not connect to the database
2023-11-14 22:32:18,869 - load - INFO - Could not connect to the database
2023-11-14 22:32:18,869 - load - INFO - Could not connect to the database
2023-11-14 22:32:18,869 - load - INFO - Could not connect to the database
2023-11-14 22:32:18,869 - load - INFO - Could not connect to the database
2023-11-14 22:32:18,869 - load - INFO - Could not connect to the database
2023-11-14 22:32:18,869 - load - INFO - Could not connect to the database
2023-11-14 22:32:18,869 - load - INFO - Could not connect to the database
2023-11-14 22:32:18,869 - load - INFO - Could not connect to the database
2023-11-14 22:32:18,869 - load - INFO - Could not connect to the database
2023-11-14 22:32:18,870 - load - INFO - Could not connect to the database
2023-11-14 22:32:18,870 - load - INFO - Could not connect to the database
2023-11-14 22:32:18,870 - load - INFO - Could not connect to the database
2023-11-14 22:32:18,870 - load - INFO - Could not connect to the database
2023-11-14 22:32:18,870 - load - INFO - Could not connect to the database
2023-11-14 22:32:18,870 - load - INFO - Could not connect to the database
2023-11-14 22:32:18,870 - load - INFO - Could not connect to the database
2023-11-14 22:32:18,870 - load - INFO - Could not connect to the database
2023-11-14 22:32:18,870 - load - INFO - Could not connect to the database
2023-11-14 22:32:18,870 - load - INFO - Could not connect to the database
2023-11-14 22:32:18,870 - load - INFO - Could not connect to the database
2023-11-14 22:32:18,870 - load - INFO - Could not connect to the database
2023-11-14 22:32:18,871 - load - INFO - Could not connect to the database
2023-11-14 22:32:18,871 - load - INFO - Could not connect to the database
2023-11-14 22:32:18,871 - load - INFO - Could not connect to the database
2023-11-14 22:32:18,871 - load - INFO - Could not connect to the database
2023-11-14 22:32:18,871 - load - INFO - Could not connect to the database
2023-11-14 22:32:18,871 - load - INFO - Could not connect to the database
2023-11-14 22:32:18,871 - load - INFO - Could not connect to the database
2023-11-14 22:32:18,871 - load - INFO - Could not connect to the database
2023-11-14 22:32:18,871 - load - INFO - Could not connect to the database
2023-11-14 22:32:18,871 - load - INFO - Could not connect to the database
2023-11-14 22:32:18,871 - load - INFO - Could not connect to the database
2023-11-14 22:32:18,872 - load - INFO - Could not connect to the database
2023-11-14 22:32:18,872 - load - INFO - Could not connect to the database
2023-11-14 22:32:18,872 - load - INFO - Could not connect to the database
2023-11-14 22:32:18,872 - load - INFO - Could not connect to the database
2023-11-14 22:32:18,872 - load - INFO - Could not connect to the database
2023-11-14 22:32:18,872 - load - INFO - Could not connect to the database
2023-11-14 22:32:18,872 - load - INFO - Could not connect to the database
2023-11-14 22:32:18,872 - load - INFO - Could not connect to the database
2023-11-14 22:32:18,872 - load - INFO - Could not connect to the database
2023-11-14 22:32:18,872 - load - INFO - Could not connect to the database
2023-11-14 22:32:18,872 - load - INFO - Could not connect to the database
2023-11-14 22:32:18,872 - load - INFO - Could not connect to the database
2023-11-14 22:32:18,873 - load - INFO - Could not connect to the database
2023-11-14 22:32:18,873 - load - INFO - Could not connect to the database
2023-11-14 22:32:18,873 - load - INFO - Could not connect to the database
2023-11-14 22:32:18,873 - load - INFO - Could not connect to the database
2023-11-14 22:32:18,873 - load - INFO - Could not connect to the database
2023-11-14 22:32:18,873 - load - INFO - Could not connect to the database
2023-11-14 22:32:18,873 - load - INFO - Could not connect to the database
2023-11-14 22:32:18,873 - load - INFO - Could not connect to the database
2023-11-14 22:32:18,873 - load - INFO - Could not connect to the database
2023-11-14 22:32:18,873 - load - INFO - Could not connect to the database
2023-11-14 22:32:18,873 - load - INFO - Could not connect to the database
2023-11-14 22:32:18,873 - load - INFO - Could not connect to the database
2023-11-14 22:32:18,874 - load - INFO - Could not connect to the database
2023-11-14 22:32:18,874 - load - INFO - Could not connect to the database
2023-11-14 22:32:18,874 - load - INFO - Could not connect to the database
2023-11-14 22:32:18,874 - load - INFO - Could not connect to the database
2023-11-14 22:32:18,874 - load - INFO - Could not connect to the database
2023-11-14 22:32:18,874 - load - INFO - Could not connect to the database
2023-11-14 22:32:18,874 - load - INFO - Could not connect to the database
2023-11-14 22:32:18,874 - load - INFO - Could not connect to the database
2023-11-14 22:32:18,874 - load - INFO - Could not connect to the database
2023-11-14 22:32:18,874 - load - INFO - Could not connect to the database
2023-11-14 22:32:18,874 - load - INFO - Could not connect to the database
2023-11-14 22:32:18,874 - load - INFO - Could not connect to the database
2023-11-14 22:32:18,875 - load - INFO - Could not connect to the database
2023-11-14 22:32:18,875 - load - INFO - Could not connect to the database
2023-11-14 22:32:18,875 - load - INFO - Could not connect to the database
2023-11-14 22:32:18,875 - load - INFO - Could not connect to the database
2023-11-14 22:32:18,875 - load - INFO - Could not connect to the database
2023-11-14 22:32:18,875 - load - INFO - Could not connect to the database
2023-11-14 22:32:18,875 - load - INFO - Could not connect to the database
2023-11-14 22:32:18,875 - load - INFO - Could not connect to the database
2023-11-14 22:32:18,875 - load - INFO - Could not connect to the database
2023-11-14 22:32:18,875 - load - INFO - Could not connect to the database
2023-11-14 22:32:18,875 - load - INFO - Could not connect to the database
2023-11-14 22:32:18,876 - load - INFO - Could not connect to the database
2023-11-14 22:32:18,876 - load - INFO - Could not connect to the database
2023-11-14 22:32:18,876 - load - INFO - Could not connect to the database
2023-11-14 22:32:18,876 - load - INFO - Could not connect to the database
2023-11-14 22:32:18,876 - load - INFO - Could not connect to the database
2023-11-14 22:32:18,876 - load - INFO - Could not connect to the database
2023-11-14 22:32:18,876 - load - INFO - Could not connect to the database
2023-11-14 22:32:18,876 - load - INFO - Could not connect to the database
2023-11-14 22:32:18,876 - load - INFO - Could not connect to the database
2023-11-14 22:32:18,876 - load - INFO - Could not connect to the database
2023-11-14 22:32:18,876 - load - INFO - Could not connect to the database
2023-11-14 22:32:18,876 - load - INFO - Could not connect to the database
2023-11-14 22:32:18,877 - load - INFO - Could not connect to the database
2023-11-14 22:32:18,877 - load - INFO - Could not connect to the database
2023-11-14 22:32:18,877 - load - INFO - Could not connect to the database
2023-11-14 22:32:18,877 - load - INFO - Could not connect to the database
2023-11-14 22:32:18,877 - load - INFO - Could not connect to the database
2023-11-14 22:32:18,877 - load - INFO - Could not connect to the database
2023-11-14 22:32:18,877 - load - INFO - Could not connect to the database
2023-11-14 22:32:18,877 - load - INFO - Could not connect to the database
2023-11-14 22:32:18,877 - load - INFO - Could not connect to the database
2023-11-14 22:32:18,877 - load - INFO - Could not connect to the database
2023-11-14 22:32:18,877 - load - INFO - Could not connect to the database
2023-11-14 22:32:18,877 - load - INFO - Could not connect to the database
2023-11-14 22:32:18,878 - load - INFO - Could not connect to the database
2023-11-14 22:32:18,878 - load - INFO - Could not connect to the database
2023-11-14 22:32:18,878 - load - INFO - Could not connect to the database
2023-11-14 22:32:18,878 - load - INFO - Could not connect to the database
2023-11-14 22:32:18,878 - load - INFO - Could not connect to the database
2023-11-14 22:32:18,878 - load - INFO - Could not connect to the database
2023-11-14 22:32:18,878 - load - INFO - Could not connect to the database
2023-11-14 22:32:18,878 - load - INFO - Could not connect to the database
2023-11-14 22:32:18,878 - load - INFO - Could not connect to the database
2023-11-14 22:32:18,878 - load - INFO - Could not connect to the database
2023-11-14 22:32:18,878 - load - INFO - Could not connect to the database
2023-11-14 22:32:18,879 - load - INFO - Could not connect to the database
2023-11-14 22:32:18,879 - load - INFO - Could not connect to the database
2023-11-14 22:32:18,879 - load - INFO - Could not connect to the database
2023-11-14 22:32:18,879 - load - INFO - Could not connect to the database
2023-11-14 22:32:18,879 - load - INFO - Could not connect to the database
2023-11-14 22:32:18,879 - load - INFO - Could not connect to the database
2023-11-14 22:32:18,879 - load - INFO - Could not connect to the database
2023-11-14 22:32:18,879 - load - INFO - Could not connect to the database
2023-11-14 22:32:18,879 - load - INFO - Could not connect to the database
2023-11-14 22:32:18,879 - load - INFO - Could not connect to the database
2023-11-14 22:32:18,879 - load - INFO - Could not connect to the database
2023-11-14 22:32:18,879 - load - INFO - Could not connect to the database
2023-11-14 22:32:18,880 - load - INFO - Could not connect to the database
2023-11-14 22:32:18,880 - load - INFO - Could not connect to the database
2023-11-14 22:32:18,880 - load - INFO - Could not connect to the database
2023-11-14 22:32:18,880 - load - INFO - Could not connect to the database
2023-11-14 22:32:18,880 - load - INFO - Could not connect to the database
2023-11-14 22:32:18,880 - load - INFO - Could not connect to the database
2023-11-14 22:32:18,880 - load - INFO - Could not connect to the database
2023-11-14 22:32:18,880 - load - INFO - Could not connect to the database
2023-11-14 22:32:18,880 - load - INFO - Could not connect to the database
2023-11-14 22:32:18,880 - load - INFO - Could not connect to the database
2023-11-14 22:32:18,880 - load - INFO - Could not connect to the database
2023-11-14 22:32:18,880 - load - INFO - Could not connect to the database
2023-11-14 22:32:18,881 - load - INFO - Could not connect to the database
2023-11-14 22:32:18,881 - load - INFO - Could not connect to the database
2023-11-14 22:32:18,881 - load - INFO - Could not connect to the database
2023-11-14 22:32:18,881 - load - INFO - Could not connect to the database
2023-11-14 22:32:18,881 - load - INFO - Could not connect to the database
2023-11-14 22:32:18,881 - load - INFO - Could not connect to the database
2023-11-14 22:32:18,881 - load - INFO - Could not connect to the database
2023-11-14 22:32:18,881 - load - INFO - Could not connect to the database
2023-11-14 22:32:18,881 - load - INFO - Could not connect to the database
2023-11-14 22:32:18,881 - load - INFO - Loaded data into database for station Hilo, Hilo Bay, Kuhio Bay identified by ID: 1617760
2023-11-14 22:48:05,821 - load - INFO - Loaded data into database for station Hilo, Hilo Bay, Kuhio Bay identified by ID: 1617760
